<?xml version="1.0" encoding="utf-8" standalone="no"?>
<test-run start-time="2018-09-05 07:28:07Z">
  <command-line><![CDATA["D:\TicketMasterTasks\4\My\restSharpTestTask\RestSharpTestTask\Resources\nunit3-console\nunit3-console.exe" D:\TicketMasterTasks\4\My\restSharpTestTask\RestSharpTestTask\Tests\bin\Debug\Tests.exe]]></command-line>
</test-run>