<?xml version="1.0" encoding="utf-8" standalone="no"?>
<test-run id="2" testcasecount="20" result="Passed" total="20" passed="20" failed="0" inconclusive="0" skipped="0" asserts="26" engine-version="3.8.0.0" clr-version="4.0.30319.42000" start-time="2018-09-04 14:41:57Z" end-time="2018-09-04 14:42:15Z" duration="18.843593">
  <command-line><![CDATA["D:\TicketMasterTasks\4\My\restSharpTestTask\RestSharpTestTask\Resources\nunit3-console\nunit3-console.exe" D:\TicketMasterTasks\4\My\restSharpTestTask\RestSharpTestTask\Tests\bin\Debug\Tests.exe]]></command-line>
  <test-suite type="Assembly" id="0-1024" name="Tests.exe" fullname="D:\TicketMasterTasks\4\My\restSharpTestTask\RestSharpTestTask\Tests\bin\Debug\Tests.exe" runstate="Runnable" testcasecount="20" result="Passed" start-time="2018-09-04 14:41:57Z" end-time="2018-09-04 14:42:15Z" duration="17.980898" total="20" passed="20" failed="0" warnings="0" inconclusive="0" skipped="0" asserts="26">
    <environment framework-version="3.10.1.0" clr-version="4.0.30319.42000" os-version="Microsoft Windows NT 10.0.16299.0" platform="Win32NT" cwd="D:\TicketMasterTasks\4\My\restSharpTestTask\RestSharpTestTask\Tests\bin\Debug" machine-name="EPBYGOMW0772" user="Maryna_Yudziankova" user-domain="GOMEL" culture="en-US" uiculture="en-US" os-architecture="x86" />
    <settings>
      <setting name="DisposeRunners" value="True" />
      <setting name="WorkDirectory" value="D:\TicketMasterTasks\4\My\restSharpTestTask\RestSharpTestTask\Tests\bin\Debug" />
      <setting name="ImageRuntimeVersion" value="4.0.30319" />
      <setting name="ImageTargetFrameworkName" value=".NETFramework,Version=v4.6.1" />
      <setting name="ImageRequiresX86" value="True" />
      <setting name="RunAsX86" value="True" />
      <setting name="ImageRequiresDefaultAppDomainAssemblyResolver" value="False" />
      <setting name="NumberOfTestWorkers" value="4" />
    </settings>
    <properties>
      <property name="_PID" value="13156" />
      <property name="_APPDOMAIN" value="domain-" />
    </properties>
    <test-suite type="TestSuite" id="0-1025" name="Tests" fullname="Tests" runstate="Runnable" testcasecount="20" result="Passed" start-time="2018-09-04 14:41:57Z" end-time="2018-09-04 14:42:15Z" duration="17.965292" total="20" passed="20" failed="0" warnings="0" inconclusive="0" skipped="0" asserts="26">
      <test-suite type="TestSuite" id="0-1026" name="Tests" fullname="Tests.Tests" runstate="Runnable" testcasecount="20" result="Passed" start-time="2018-09-04 14:41:57Z" end-time="2018-09-04 14:42:15Z" duration="17.964905" total="20" passed="20" failed="0" warnings="0" inconclusive="0" skipped="0" asserts="26">
        <test-suite type="TestFixture" id="0-1000" name="BranchTests" fullname="Tests.Tests.BranchTests" classname="Tests.Tests.BranchTests" runstate="Runnable" testcasecount="2" result="Passed" start-time="2018-09-04 14:41:57Z" end-time="2018-09-04 14:42:01Z" duration="3.129764" total="2" passed="2" failed="0" warnings="0" inconclusive="0" skipped="0" asserts="2">
          <output><![CDATA[2018-09-04 17:41:58,176 | INFO  | New client https://gitlab.com/api/v4/ created
]]></output>
          <test-case id="0-1001" name="TestCreateNewBranch" fullname="Tests.Tests.BranchTests.TestCreateNewBranch" methodname="TestCreateNewBranch" classname="Tests.Tests.BranchTests" runstate="Runnable" seed="2089027818" result="Passed" start-time="2018-09-04 14:41:58Z" end-time="2018-09-04 14:42:00Z" duration="1.702375" asserts="1">
            <output><![CDATA[2018-09-04 17:41:59,009 | INFO  | Creating https://gitlab.com/api/v4/projects/{projectId}/repository/branches?branch={newBranch}&ref={branch} request
2018-09-04 17:41:59,013 | INFO  | Adding header "Private-Tokken"
2018-09-04 17:41:59,014 | INFO  | Using method: POST
2018-09-04 17:41:59,015 | INFO  | Adding header "projectId": 8156878
2018-09-04 17:41:59,015 | INFO  | Adding header "newBranch" newBranch
2018-09-04 17:41:59,016 | INFO  | Request https://gitlab.com/api/v4/projects/{projectId}/repository/branches?branch={newBranch}&ref={branch} created
2018-09-04 17:42:00,356 | INFO  | Assert that expected result : Created are equal to actual: Created
]]></output>
          </test-case>
          <test-case id="0-1002" name="TestDeleteBranch" fullname="Tests.Tests.BranchTests.TestDeleteBranch" methodname="TestDeleteBranch" classname="Tests.Tests.BranchTests" runstate="Runnable" seed="946362178" result="Passed" start-time="2018-09-04 14:42:00Z" end-time="2018-09-04 14:42:01Z" duration="0.619414" asserts="1">
            <output><![CDATA[2018-09-04 17:42:00,454 | INFO  | Creating https://gitlab.com/api/v4/projects/{projectId}/repository/branches/{newBranch} request
2018-09-04 17:42:00,455 | INFO  | Adding header "Private-Tokken"
2018-09-04 17:42:00,455 | INFO  | Using method: DELETE
2018-09-04 17:42:00,456 | INFO  | Adding header "projectId": 8156878
2018-09-04 17:42:00,456 | INFO  | Adding header "newBranch" newBranch
2018-09-04 17:42:00,457 | INFO  | Request https://gitlab.com/api/v4/projects/{projectId}/repository/branches/{newBranch} created
2018-09-04 17:42:01,067 | INFO  | Assert that expected result : NoContent are equal to actual: NoContent
]]></output>
          </test-case>
        </test-suite>
        <test-suite type="TestFixture" id="0-1003" name="FileTests" fullname="Tests.Tests.FileTests" classname="Tests.Tests.FileTests" runstate="Runnable" testcasecount="5" result="Passed" start-time="2018-09-04 14:42:01Z" end-time="2018-09-04 14:42:09Z" duration="8.521414" total="5" passed="5" failed="0" warnings="0" inconclusive="0" skipped="0" asserts="11">
          <test-case id="0-1006" name="TestAddFile" fullname="Tests.Tests.FileTests.TestAddFile" methodname="TestAddFile" classname="Tests.Tests.FileTests" runstate="Runnable" seed="1794444156" result="Passed" start-time="2018-09-04 14:42:01Z" end-time="2018-09-04 14:42:05Z" duration="4.578293" asserts="4">
            <output><![CDATA[2018-09-04 17:42:01,090 | INFO  | Creating https://gitlab.com/api/v4/projects/{projectId}/repository/files/{fileName} request
2018-09-04 17:42:01,093 | INFO  | Adding header "Private-Tokken"
2018-09-04 17:42:01,094 | INFO  | Using method: POST
2018-09-04 17:42:01,095 | INFO  | Adding header "projectId": 8156878
2018-09-04 17:42:01,096 | INFO  | Adding header "fileName": wtf
2018-09-04 17:42:01,097 | INFO  | Adding json body
2018-09-04 17:42:01,161 | INFO  | Request https://gitlab.com/api/v4/projects/{projectId}/repository/files/{fileName} created
2018-09-04 17:42:01,993 | INFO  | Assert that expected result : Created are equal to actual: Created
2018-09-04 17:42:01,995 | INFO  | Creating https://gitlab.com/api/v4/projects/{projectId}/repository/files/{fileName} request
2018-09-04 17:42:01,996 | INFO  | Adding header "Private-Tokken"
2018-09-04 17:42:01,997 | INFO  | Using method: POST
2018-09-04 17:42:02,000 | INFO  | Adding header "projectId": 8156878
2018-09-04 17:42:02,006 | INFO  | Adding header "fileName": wtfomg
2018-09-04 17:42:02,008 | INFO  | Adding json body
2018-09-04 17:42:02,009 | INFO  | Request https://gitlab.com/api/v4/projects/{projectId}/repository/files/{fileName} created
2018-09-04 17:42:02,729 | INFO  | Assert that expected result : Created are equal to actual: Created
2018-09-04 17:42:02,730 | INFO  | Creating https://gitlab.com/api/v4/projects/{projectId}/repository/files/{fileName} request
2018-09-04 17:42:02,731 | INFO  | Adding header "Private-Tokken"
2018-09-04 17:42:02,732 | INFO  | Using method: POST
2018-09-04 17:42:02,734 | INFO  | Adding header "projectId": 8156878
2018-09-04 17:42:02,735 | INFO  | Adding header "fileName": wtfwer
2018-09-04 17:42:02,736 | INFO  | Adding json body
2018-09-04 17:42:02,739 | INFO  | Request https://gitlab.com/api/v4/projects/{projectId}/repository/files/{fileName} created
2018-09-04 17:42:04,124 | INFO  | Assert that expected result : Created are equal to actual: Created
2018-09-04 17:42:04,124 | INFO  | Creating https://gitlab.com/api/v4/projects/{projectId}/repository/files/{fileName} request
2018-09-04 17:42:04,125 | INFO  | Adding header "Private-Tokken"
2018-09-04 17:42:04,126 | INFO  | Using method: POST
2018-09-04 17:42:04,126 | INFO  | Adding header "projectId": 8156878
2018-09-04 17:42:04,127 | INFO  | Adding header "fileName": wtfFile
2018-09-04 17:42:04,128 | INFO  | Adding json body
2018-09-04 17:42:04,129 | INFO  | Request https://gitlab.com/api/v4/projects/{projectId}/repository/files/{fileName} created
2018-09-04 17:42:05,658 | INFO  | Assert that expected result : Created are equal to actual: Created
]]></output>
          </test-case>
          <test-case id="0-1007" name="TestAddFileWithAlreadyExistedName" fullname="Tests.Tests.FileTests.TestAddFileWithAlreadyExistedName" methodname="TestAddFileWithAlreadyExistedName" classname="Tests.Tests.FileTests" runstate="Runnable" seed="958181287" result="Passed" start-time="2018-09-04 14:42:05Z" end-time="2018-09-04 14:42:06Z" duration="0.346790" asserts="1">
            <output><![CDATA[2018-09-04 17:42:05,664 | INFO  | Creating https://gitlab.com/api/v4/projects/{projectId}/repository/files/{fileName} request
2018-09-04 17:42:05,666 | INFO  | Adding header "Private-Tokken"
2018-09-04 17:42:05,668 | INFO  | Using method: POST
2018-09-04 17:42:05,669 | INFO  | Adding header "projectId": 8156878
2018-09-04 17:42:05,671 | INFO  | Adding header "fileName": wtfFile
2018-09-04 17:42:05,672 | INFO  | Adding json body
2018-09-04 17:42:05,674 | INFO  | Request https://gitlab.com/api/v4/projects/{projectId}/repository/files/{fileName} created
2018-09-04 17:42:06,008 | INFO  | Assert that expected result : A file with this name already exists are equal to actual: A file with this name already exists
]]></output>
          </test-case>
          <test-case id="0-1008" name="TestDeleteFileFromRepository" fullname="Tests.Tests.FileTests.TestDeleteFileFromRepository" methodname="TestDeleteFileFromRepository" classname="Tests.Tests.FileTests" runstate="Runnable" seed="1365005053" result="Passed" start-time="2018-09-04 14:42:06Z" end-time="2018-09-04 14:42:08Z" duration="2.971665" asserts="4">
            <output><![CDATA[2018-09-04 17:42:06,012 | INFO  | Creating https://gitlab.com/api/v4/projects/{projectId}/repository/files/{fileName} request
2018-09-04 17:42:06,012 | INFO  | Adding header "Private-Tokken"
2018-09-04 17:42:06,013 | INFO  | Using method: DELETE
2018-09-04 17:42:06,015 | INFO  | Adding header "projectId": 8156878
2018-09-04 17:42:06,016 | INFO  | Adding header "fileName": wtf
2018-09-04 17:42:06,016 | INFO  | Adding json body
2018-09-04 17:42:06,020 | INFO  | Request https://gitlab.com/api/v4/projects/{projectId}/repository/files/{fileName} created
2018-09-04 17:42:06,734 | INFO  | Assert that expected result : NoContent are equal to actual: NoContent
2018-09-04 17:42:06,735 | INFO  | Creating https://gitlab.com/api/v4/projects/{projectId}/repository/files/{fileName} request
2018-09-04 17:42:06,736 | INFO  | Adding header "Private-Tokken"
2018-09-04 17:42:06,736 | INFO  | Using method: DELETE
2018-09-04 17:42:06,738 | INFO  | Adding header "projectId": 8156878
2018-09-04 17:42:06,739 | INFO  | Adding header "fileName": wtfomg
2018-09-04 17:42:06,741 | INFO  | Adding json body
2018-09-04 17:42:06,742 | INFO  | Request https://gitlab.com/api/v4/projects/{projectId}/repository/files/{fileName} created
2018-09-04 17:42:07,496 | INFO  | Assert that expected result : NoContent are equal to actual: NoContent
2018-09-04 17:42:07,498 | INFO  | Creating https://gitlab.com/api/v4/projects/{projectId}/repository/files/{fileName} request
2018-09-04 17:42:07,498 | INFO  | Adding header "Private-Tokken"
2018-09-04 17:42:07,499 | INFO  | Using method: DELETE
2018-09-04 17:42:07,500 | INFO  | Adding header "projectId": 8156878
2018-09-04 17:42:07,501 | INFO  | Adding header "fileName": wtfwer
2018-09-04 17:42:07,503 | INFO  | Adding json body
2018-09-04 17:42:07,504 | INFO  | Request https://gitlab.com/api/v4/projects/{projectId}/repository/files/{fileName} created
2018-09-04 17:42:08,246 | INFO  | Assert that expected result : NoContent are equal to actual: NoContent
2018-09-04 17:42:08,247 | INFO  | Creating https://gitlab.com/api/v4/projects/{projectId}/repository/files/{fileName} request
2018-09-04 17:42:08,249 | INFO  | Adding header "Private-Tokken"
2018-09-04 17:42:08,250 | INFO  | Using method: DELETE
2018-09-04 17:42:08,253 | INFO  | Adding header "projectId": 8156878
2018-09-04 17:42:08,255 | INFO  | Adding header "fileName": wtfFile
2018-09-04 17:42:08,256 | INFO  | Adding json body
2018-09-04 17:42:08,258 | INFO  | Request https://gitlab.com/api/v4/projects/{projectId}/repository/files/{fileName} created
2018-09-04 17:42:08,979 | INFO  | Assert that expected result : NoContent are equal to actual: NoContent
]]></output>
          </test-case>
          <test-case id="0-1004" name="TestUploadFileWithoutCommitMessage" fullname="Tests.Tests.FileTests.TestUploadFileWithoutCommitMessage" methodname="TestUploadFileWithoutCommitMessage" classname="Tests.Tests.FileTests" runstate="Runnable" seed="7737747" result="Passed" start-time="2018-09-04 14:42:08Z" end-time="2018-09-04 14:42:09Z" duration="0.300781" asserts="1">
            <output><![CDATA[2018-09-04 17:42:08,984 | INFO  | Creating https://gitlab.com/api/v4/projects/{projectId}/repository/files/{fileName} request
2018-09-04 17:42:08,986 | INFO  | Adding header "Private-Tokken"
2018-09-04 17:42:08,988 | INFO  | Using method: POST
2018-09-04 17:42:08,989 | INFO  | Adding header "projectId": 8156878
2018-09-04 17:42:08,991 | INFO  | Adding header "fileName": wtfFile
2018-09-04 17:42:08,992 | INFO  | Adding json body
2018-09-04 17:42:08,993 | INFO  | Request https://gitlab.com/api/v4/projects/{projectId}/repository/files/{fileName} created
2018-09-04 17:42:09,281 | INFO  | Assert that expected result : commit_message is missing, commit_message is empty, content is missing are equal to actual: commit_message is missing, commit_message is empty, content is missing
]]></output>
          </test-case>
          <test-case id="0-1005" name="TestUploadFileWithoutSelectBranch" fullname="Tests.Tests.FileTests.TestUploadFileWithoutSelectBranch" methodname="TestUploadFileWithoutSelectBranch" classname="Tests.Tests.FileTests" runstate="Runnable" seed="259711892" result="Passed" start-time="2018-09-04 14:42:09Z" end-time="2018-09-04 14:42:09Z" duration="0.319947" asserts="1">
            <output><![CDATA[2018-09-04 17:42:09,286 | INFO  | Creating https://gitlab.com/api/v4/projects/{projectId}/repository/files/{fileName} request
2018-09-04 17:42:09,287 | INFO  | Adding header "Private-Tokken"
2018-09-04 17:42:09,288 | INFO  | Using method: POST
2018-09-04 17:42:09,289 | INFO  | Adding header "projectId": 8156878
2018-09-04 17:42:09,290 | INFO  | Adding header "fileName": wtfFile
2018-09-04 17:42:09,290 | INFO  | Adding json body
2018-09-04 17:42:09,291 | INFO  | Request https://gitlab.com/api/v4/projects/{projectId}/repository/files/{fileName} created
2018-09-04 17:42:09,602 | INFO  | Assert that expected result : You can only create or edit files when you are on a branch are equal to actual: You can only create or edit files when you are on a branch
]]></output>
          </test-case>
        </test-suite>
        <test-suite type="TestFixture" id="0-1009" name="ProjectTests" fullname="Tests.Tests.ProjectTests" classname="Tests.Tests.ProjectTests" runstate="Runnable" testcasecount="9" result="Passed" start-time="2018-09-04 14:42:09Z" end-time="2018-09-04 14:42:14Z" duration="4.884741" total="9" passed="9" failed="0" warnings="0" inconclusive="0" skipped="0" asserts="9">
          <output><![CDATA[2018-09-04 17:42:14,128 | INFO  | Creating https://gitlab.com/api/v4/projects/{projectId}/repository/files/{fileName} request
2018-09-04 17:42:14,129 | INFO  | Adding header "Private-Tokken"
2018-09-04 17:42:14,130 | INFO  | Using method: DELETE
2018-09-04 17:42:14,131 | INFO  | Adding header "projectId": 8156878
2018-09-04 17:42:14,132 | INFO  | Adding header "fileName": fileNameWTF1234135423
2018-09-04 17:42:14,133 | INFO  | Adding json body
2018-09-04 17:42:14,134 | INFO  | Request https://gitlab.com/api/v4/projects/{projectId}/repository/files/{fileName} created
]]></output>
          <test-case id="0-1011" name="TestAddProject" fullname="Tests.Tests.ProjectTests.TestAddProject" methodname="TestAddProject" classname="Tests.Tests.ProjectTests" runstate="Runnable" seed="1008211084" result="Passed" start-time="2018-09-04 14:42:09Z" end-time="2018-09-04 14:42:10Z" duration="0.816349" asserts="1">
            <output><![CDATA[2018-09-04 17:42:09,606 | INFO  | Adding "description" description to json body
2018-09-04 17:42:09,607 | INFO  | Adding "name" omgWTF1233w6434yw45werwatew6 to json body
2018-09-04 17:42:09,610 | INFO  | Build json body
2018-09-04 17:42:09,615 | INFO  | Creating https://gitlab.com/api/v4/projects request
2018-09-04 17:42:09,623 | INFO  | Adding header "Private-Tokken"
2018-09-04 17:42:09,626 | INFO  | Using method: POST
2018-09-04 17:42:09,629 | INFO  | Adding json body
2018-09-04 17:42:09,638 | INFO  | Request https://gitlab.com/api/v4/projects created
2018-09-04 17:42:10,420 | INFO  | Assert that expected result : omgWTF1233w6434yw45werwatew6 are equal to actual: omgWTF1233w6434yw45werwatew6
]]></output>
          </test-case>
          <test-case id="0-1013" name="TestArchiveProject" fullname="Tests.Tests.ProjectTests.TestArchiveProject" methodname="TestArchiveProject" classname="Tests.Tests.ProjectTests" runstate="Runnable" seed="1475580205" result="Passed" start-time="2018-09-04 14:42:10Z" end-time="2018-09-04 14:42:10Z" duration="0.334238" asserts="1">
            <output><![CDATA[2018-09-04 17:42:10,423 | INFO  | Creating https://gitlab.com/api/v4/projects/{projectId}/archive request
2018-09-04 17:42:10,424 | INFO  | Adding header "Private-Tokken"
2018-09-04 17:42:10,424 | INFO  | Using method: POST
2018-09-04 17:42:10,425 | INFO  | Adding header "projectId": 8156878
2018-09-04 17:42:10,426 | INFO  | Request https://gitlab.com/api/v4/projects/{projectId}/archive created
2018-09-04 17:42:10,753 | INFO  | Assert that expected result : Created are equal to actual: Created
]]></output>
          </test-case>
          <test-case id="0-1016" name="TestCreateWikiPage" fullname="Tests.Tests.ProjectTests.TestCreateWikiPage" methodname="TestCreateWikiPage" classname="Tests.Tests.ProjectTests" runstate="Runnable" seed="1615689632" result="Passed" start-time="2018-09-04 14:42:10Z" end-time="2018-09-04 14:42:11Z" duration="0.767898" asserts="1">
            <output><![CDATA[2018-09-04 17:42:10,757 | INFO  | Adding "content" wikiContent to json body
2018-09-04 17:42:10,758 | INFO  | Adding "title" wikiTitle to json body
2018-09-04 17:42:10,760 | INFO  | Build json body
2018-09-04 17:42:10,761 | INFO  | Creating https://gitlab.com/api/v4/projects/{projectId}/wikis request
2018-09-04 17:42:10,762 | INFO  | Adding header "Private-Tokken"
2018-09-04 17:42:10,762 | INFO  | Using method: POST
2018-09-04 17:42:10,763 | INFO  | Adding header "projectId": 8225528
2018-09-04 17:42:10,764 | INFO  | Adding json body
2018-09-04 17:42:10,765 | INFO  | Request https://gitlab.com/api/v4/projects/{projectId}/wikis created
2018-09-04 17:42:11,520 | INFO  | Assert that expected result : wikiTitle are equal to actual: wikiTitle
]]></output>
          </test-case>
          <test-case id="0-1017" name="TestDeleteWikiPage" fullname="Tests.Tests.ProjectTests.TestDeleteWikiPage" methodname="TestDeleteWikiPage" classname="Tests.Tests.ProjectTests" runstate="Runnable" seed="854881343" result="Passed" start-time="2018-09-04 14:42:11Z" end-time="2018-09-04 14:42:12Z" duration="0.652614" asserts="1">
            <output><![CDATA[2018-09-04 17:42:11,525 | INFO  | Creating https://gitlab.com/api/v4/projects/{projectId}/wikis/{slug} request
2018-09-04 17:42:11,527 | INFO  | Adding header "Private-Tokken"
2018-09-04 17:42:11,529 | INFO  | Using method: DELETE
2018-09-04 17:42:11,531 | INFO  | Adding header "projectId": 8225528
2018-09-04 17:42:11,540 | INFO  | Request https://gitlab.com/api/v4/projects/{projectId}/wikis/{slug} created
2018-09-04 17:42:12,167 | INFO  | Assert that expected result : NoContent are equal to actual: NoContent
]]></output>
          </test-case>
          <test-case id="0-1010" name="TestGetNameSpaces" fullname="Tests.Tests.ProjectTests.TestGetNameSpaces" methodname="TestGetNameSpaces" classname="Tests.Tests.ProjectTests" runstate="Runnable" seed="1236890425" result="Passed" start-time="2018-09-04 14:42:12Z" end-time="2018-09-04 14:42:12Z" duration="0.199007" asserts="1">
            <output><![CDATA[2018-09-04 17:42:12,179 | INFO  | Creating https://gitlab.com/api/v4/namespaces request
2018-09-04 17:42:12,180 | INFO  | Adding header "Private-Tokken"
2018-09-04 17:42:12,181 | INFO  | Using method: GET
2018-09-04 17:42:12,187 | INFO  | Request https://gitlab.com/api/v4/namespaces created
2018-09-04 17:42:12,374 | INFO  | Assert that expected result : OK are equal to actual: OK
]]></output>
          </test-case>
          <test-case id="0-1012" name="TestRenameProject" fullname="Tests.Tests.ProjectTests.TestRenameProject" methodname="TestRenameProject" classname="Tests.Tests.ProjectTests" runstate="Runnable" seed="1043278539" result="Passed" start-time="2018-09-04 14:42:12Z" end-time="2018-09-04 14:42:12Z" duration="0.460281" asserts="1">
            <output><![CDATA[2018-09-04 17:42:12,377 | INFO  | Adding "description" description to json body
2018-09-04 17:42:12,378 | INFO  | Adding "name" omgwtfNew34y34y34y3OMGProjerweyct12wetsweyw313 to json body
2018-09-04 17:42:12,379 | INFO  | Build json body
2018-09-04 17:42:12,380 | INFO  | Creating https://gitlab.com/api/v4/projects/{projectId} request
2018-09-04 17:42:12,381 | INFO  | Adding header "Private-Tokken"
2018-09-04 17:42:12,382 | INFO  | Using method: PUT
2018-09-04 17:42:12,383 | INFO  | Adding header "projectId": 8225528
2018-09-04 17:42:12,384 | INFO  | Adding json body
2018-09-04 17:42:12,386 | INFO  | Request https://gitlab.com/api/v4/projects/{projectId} created
2018-09-04 17:42:12,834 | INFO  | Assert that expected result : omgwtfNew34y34y34y3OMGProjerweyct12wetsweyw313 are equal to actual: omgwtfNew34y34y34y3OMGProjerweyct12wetsweyw313
]]></output>
          </test-case>
          <test-case id="0-1018" name="TestToDeleteProject" fullname="Tests.Tests.ProjectTests.TestToDeleteProject" methodname="TestToDeleteProject" classname="Tests.Tests.ProjectTests" runstate="Runnable" seed="986967111" result="Passed" start-time="2018-09-04 14:42:12Z" end-time="2018-09-04 14:42:13Z" duration="0.209119" asserts="1">
            <output><![CDATA[2018-09-04 17:42:12,838 | INFO  | Creating https://gitlab.com/api/v4/projects/{projectId} request
2018-09-04 17:42:12,838 | INFO  | Adding header "Private-Tokken"
2018-09-04 17:42:12,839 | INFO  | Using method: DELETE
2018-09-04 17:42:12,839 | INFO  | Adding header "projectId": 8225528
2018-09-04 17:42:12,840 | INFO  | Request https://gitlab.com/api/v4/projects/{projectId} created
2018-09-04 17:42:13,044 | INFO  | Assert that expected result : Accepted are equal to actual: Accepted
]]></output>
          </test-case>
          <test-case id="0-1014" name="TestToUploadFileToArchivedRepository" fullname="Tests.Tests.ProjectTests.TestToUploadFileToArchivedRepository" methodname="TestToUploadFileToArchivedRepository" classname="Tests.Tests.ProjectTests" runstate="Runnable" seed="602100696" result="Passed" start-time="2018-09-04 14:42:13Z" end-time="2018-09-04 14:42:13Z" duration="0.353614" asserts="1">
            <output><![CDATA[2018-09-04 17:42:13,047 | INFO  | Creating https://gitlab.com/api/v4/projects/{projectId}/repository/files/{fileName} request
2018-09-04 17:42:13,048 | INFO  | Adding header "Private-Tokken"
2018-09-04 17:42:13,049 | INFO  | Using method: POST
2018-09-04 17:42:13,051 | INFO  | Adding header "projectId": 8156878
2018-09-04 17:42:13,052 | INFO  | Adding header "fileName": fileNameWTF1234135423
2018-09-04 17:42:13,053 | INFO  | Adding json body
2018-09-04 17:42:13,053 | INFO  | Request https://gitlab.com/api/v4/projects/{projectId}/repository/files/{fileName} created
2018-09-04 17:42:13,397 | INFO  | Assert that expected result : Forbidden are equal to actual: Forbidden
]]></output>
          </test-case>
          <test-case id="0-1015" name="TestUnarchiveProject" fullname="Tests.Tests.ProjectTests.TestUnarchiveProject" methodname="TestUnarchiveProject" classname="Tests.Tests.ProjectTests" runstate="Runnable" seed="1845585504" result="Passed" start-time="2018-09-04 14:42:13Z" end-time="2018-09-04 14:42:14Z" duration="0.727468" asserts="1">
            <output><![CDATA[2018-09-04 17:42:13,401 | INFO  | Creating https://gitlab.com/api/v4/projects/{projectId}/unarchive request
2018-09-04 17:42:13,402 | INFO  | Adding header "Private-Tokken"
2018-09-04 17:42:13,403 | INFO  | Using method: POST
2018-09-04 17:42:13,404 | INFO  | Adding header "projectId": 8156878
2018-09-04 17:42:13,405 | INFO  | Request https://gitlab.com/api/v4/projects/{projectId}/unarchive created
2018-09-04 17:42:14,125 | INFO  | Assert that expected result : Created are equal to actual: Created
]]></output>
          </test-case>
        </test-suite>
        <test-suite type="TestFixture" id="0-1019" name="UserTests" fullname="Tests.Tests.UserTests" classname="Tests.Tests.UserTests" runstate="Runnable" testcasecount="4" result="Passed" start-time="2018-09-04 14:42:14Z" end-time="2018-09-04 14:42:15Z" duration="1.421310" total="4" passed="4" failed="0" warnings="0" inconclusive="0" skipped="0" asserts="4">
          <output><![CDATA[2018-09-04 17:42:15,551 | INFO  | Adding "message" null to json body
2018-09-04 17:42:15,553 | INFO  | Build json body
2018-09-04 17:42:15,555 | INFO  | Creating https://gitlab.com/api/v4/user/status request
2018-09-04 17:42:15,557 | INFO  | Adding header "Private-Tokken"
2018-09-04 17:42:15,558 | INFO  | Using method: PUT
2018-09-04 17:42:15,560 | INFO  | Adding json body
2018-09-04 17:42:15,562 | INFO  | Request https://gitlab.com/api/v4/user/status created
]]></output>
          <test-case id="0-1023" name="TestAddEmailThatAlreadyExisted" fullname="Tests.Tests.UserTests.TestAddEmailThatAlreadyExisted" methodname="TestAddEmailThatAlreadyExisted" classname="Tests.Tests.UserTests" runstate="Runnable" seed="609436162" result="Passed" start-time="2018-09-04 14:42:14Z" end-time="2018-09-04 14:42:14Z" duration="0.365806" asserts="1">
            <output><![CDATA[2018-09-04 17:42:14,492 | INFO  | Adding "userId" 2709127 to json body
2018-09-04 17:42:14,494 | INFO  | Build json body
2018-09-04 17:42:14,495 | INFO  | Creating https://gitlab.com/api/v4/user/emails request
2018-09-04 17:42:14,496 | INFO  | Adding header "Private-Tokken"
2018-09-04 17:42:14,497 | INFO  | Using method: POST
2018-09-04 17:42:14,498 | INFO  | Adding json body
2018-09-04 17:42:14,501 | INFO  | Request https://gitlab.com/api/v4/user/emails created
2018-09-04 17:42:14,854 | INFO  | Assert that expected result : email:has already been taken are equal to actual: email:has already been taken
]]></output>
          </test-case>
          <test-case id="0-1020" name="TestGetUserState" fullname="Tests.Tests.UserTests.TestGetUserState" methodname="TestGetUserState" classname="Tests.Tests.UserTests" runstate="Runnable" seed="294648617" result="Passed" start-time="2018-09-04 14:42:14Z" end-time="2018-09-04 14:42:15Z" duration="0.181773" asserts="1">
            <output><![CDATA[2018-09-04 17:42:14,858 | INFO  | Creating https://gitlab.com/api/v4/users/{userId} request
2018-09-04 17:42:14,863 | INFO  | Adding header "Private-Tokken"
2018-09-04 17:42:14,869 | INFO  | Using method: GET
2018-09-04 17:42:14,870 | INFO  | Adding header "userId": 2709127
2018-09-04 17:42:14,870 | INFO  | Request https://gitlab.com/api/v4/users/{userId} created
2018-09-04 17:42:15,036 | INFO  | Assert that expected result : active are equal to actual: active
]]></output>
          </test-case>
          <test-case id="0-1021" name="TestGetUserStatusMessage" fullname="Tests.Tests.UserTests.TestGetUserStatusMessage" methodname="TestGetUserStatusMessage" classname="Tests.Tests.UserTests" runstate="Runnable" seed="2116642625" result="Passed" start-time="2018-09-04 14:42:15Z" end-time="2018-09-04 14:42:15Z" duration="0.200516" asserts="1">
            <output><![CDATA[2018-09-04 17:42:15,040 | INFO  | Adding "message" null to json body
2018-09-04 17:42:15,042 | INFO  | Build json body
2018-09-04 17:42:15,043 | INFO  | Creating https://gitlab.com/api/v4/user/status request
2018-09-04 17:42:15,045 | INFO  | Adding header "Private-Tokken"
2018-09-04 17:42:15,046 | INFO  | Using method: GET
2018-09-04 17:42:15,046 | INFO  | Adding json body
2018-09-04 17:42:15,049 | INFO  | Request https://gitlab.com/api/v4/user/status created
2018-09-04 17:42:15,237 | INFO  | Assert that expected result : null are equal to actual: null
]]></output>
          </test-case>
          <test-case id="0-1022" name="TestUpdateUserStatusMessage" fullname="Tests.Tests.UserTests.TestUpdateUserStatusMessage" methodname="TestUpdateUserStatusMessage" classname="Tests.Tests.UserTests" runstate="Runnable" seed="1205574099" result="Passed" start-time="2018-09-04 14:42:15Z" end-time="2018-09-04 14:42:15Z" duration="0.310777" asserts="1">
            <output><![CDATA[2018-09-04 17:42:15,240 | INFO  | Adding "message" message to json body
2018-09-04 17:42:15,241 | INFO  | Build json body
2018-09-04 17:42:15,243 | INFO  | Creating https://gitlab.com/api/v4/user/status request
2018-09-04 17:42:15,244 | INFO  | Adding header "Private-Tokken"
2018-09-04 17:42:15,245 | INFO  | Using method: PUT
2018-09-04 17:42:15,246 | INFO  | Adding json body
2018-09-04 17:42:15,247 | INFO  | Request https://gitlab.com/api/v4/user/status created
2018-09-04 17:42:15,545 | INFO  | Assert that expected result : message are equal to actual: message
]]></output>
          </test-case>
        </test-suite>
      </test-suite>
    </test-suite>
  </test-suite>
</test-run>