<?xml version="1.0" encoding="utf-8" standalone="no"?>
<test-run id="2" testcasecount="0" result="Failed" label="Invalid" total="0" passed="0" failed="0" inconclusive="0" skipped="0" asserts="0" engine-version="3.8.0.0" clr-version="4.0.30319.42000" start-time="2018-08-27 11:22:21Z" end-time="2018-08-27 11:22:22Z" duration="0.479647">
  <command-line><![CDATA["D:\TicketMasterTasks\Framework\nunit3-console\nunit3-console.exe" Framework.exe --where class=~Tests]]></command-line>
  <filter>
    <class re="1">Tests</class>
  </filter>
  <test-suite type="Assembly" id="0-1" name="Framework.exe" fullname="D:\TicketMasterTasks\Framework\nunit3-console\Framework.exe" testcasecount="0" runstate="NotRunnable" result="Failed" label="Invalid">
    <properties>
      <property name="_SKIPREASON" value="File not found: D:\TicketMasterTasks\Framework\nunit3-console\Framework.exe" />
    </properties>
    <reason>
      <message>File not found: D:\TicketMasterTasks\Framework\nunit3-console\Framework.exe</message>
    </reason>
  </test-suite>
</test-run>